npm error code ERESOLVE
npm error ERESOLVE unable to resolve dependency tree
npm error
npm error While resolving: react@1.0.0
npm error Found: vite@6.3.5
npm error node_modules/vite
npm error   vite@"^6.3.5" from the root project
npm error
npm error Could not resolve dependency:
npm error peer vite@"^3.0.0 || ^4.0.0 || ^5.0.0" from @storybook/react-vite@7.6.20
npm error node_modules/@storybook/react-vite
npm error   dev @storybook/react-vite@"7.6.20" from the root project
npm error
npm error Fix the upstream dependency conflict, or retry
npm error this command with --force or --legacy-peer-deps
npm error to accept an incorrect (and potentially broken) dependency resolution.
npm error
npm error
npm error For a full report see:
npm error /home/apatil/.npm/_logs/2025-05-17T22_40_02_940Z-eresolve-report.txt
npm error A complete log of this run can be found in: /home/apatil/.npm/_logs/2025-05-17T22_40_02_940Z-debug-0.log
